<?xml version="1.0" encoding="utf-8"?>
<shfbBuild product="Sandcastle Help File Builder and Tools" version="2024.2.18.0" projectFile="C:\dev\SDK\shfb-toc-1047\toc-overlap.shfbproj" started="2/27/2024 2:53:45 PM">
<buildStep step="Initializing">
The Sandcastle tools are located in &#39;C:\Program Files (x86)\EWSoftware\Sandcastle Help File Builder&#39;
Locating components in the following folder(s):
    C:\dev\SDK\shfb-toc-1047
    C:\ProgramData\EWSoftware\Sandcastle Help File Builder\Components and Plug-Ins
    C:\Program Files (x86)\EWSoftware\Sandcastle Help File Builder\Components
Using framework reflection data for &#39;.NET Framework 4.8&#39; located in &#39;C:\Program Files (x86)\EWSoftware\Sandcastle Help File Builder\Data\.NETFramework&#39;
Using presentation style &#39;Default2022&#39; located in &#39;C:\Program Files (x86)\EWSoftware\Sandcastle Help File Builder\Components\Default2022&#39;
Loading and initializing plug-ins...
Additional Content Only Version 2024.2.18.0
Copyright &#169; 2006-2024, Eric Woodruff, All Rights Reserved
    This build will only include additional content items.
Website Table of Contents Generator Version 2024.2.18.0
Copyright &#169; 2006-2024, Eric Woodruff, All Rights Reserved
-------------------------------
Clearing any prior web/markdown output...
</buildStep>
<buildStep step="ValidatingDocumentationSources">
Validating and copying documentation source information
<plugIn name="Additional Content Only" behavior="InsteadOf" priority="1000">
</plugIn></buildStep>
<buildStep step="GenerateSharedContent">
Generating shared content files (en-US, English (United States))...
    Last step completed in 00:00:00.0130
</buildStep>
<buildStep step="GenerateApiFilter">
Generating API filter for MRefBuilder...
<plugIn name="Additional Content Only" behavior="InsteadOf" priority="1000">
</plugIn>    Last step completed in 00:00:00.0000
</buildStep>
<buildStep step="GenerateReflectionInfo">
Generating reflection information...
<plugIn name="Additional Content Only" behavior="InsteadOf" priority="1000">
</plugIn>    Last step completed in 00:00:00.0070
</buildStep>
<buildStep step="ApplyDocumentModel">
Applying document model to reflection output...
<plugIn name="Additional Content Only" behavior="InsteadOf" priority="1000">
</plugIn>    Last step completed in 00:00:00.0020
</buildStep>
<buildStep step="AddApiTopicFilenames">
Adding topic filenames to API members...
<plugIn name="Additional Content Only" behavior="InsteadOf" priority="1000">
</plugIn>    Last step completed in 00:00:00.0010
</buildStep>
<buildStep step="GenerateApiTopicManifest">
Generating API topic manifest...
<plugIn name="Additional Content Only" behavior="InsteadOf" priority="1000">
</plugIn>    Last step completed in 00:00:00.0040
</buildStep>
<buildStep step="GenerateNamespaceSummaries">
Generating namespace summary information...
<plugIn name="Additional Content Only" behavior="InsteadOf" priority="1000">
</plugIn>    Last step completed in 00:00:00.0320
</buildStep>
<buildStep step="CopyConceptualContent">
Copying conceptual content...
Checking for token files...
Checking for code snippets files...
Copying images and creating the media map file...
Generating conceptual topic files
    Parsing topic file &#39;C:\dev\SDK\shfb-toc-1047\main.aml&#39;
    C:\dev\SDK\shfb-toc-1047\main.aml -&gt; C:\dev\SDK\shfb-toc-1047\Help\Working\ddueXml\main.xml
    Parsing topic file &#39;C:\dev\SDK\shfb-toc-1047\another_topic.aml&#39;
    C:\dev\SDK\shfb-toc-1047\another_topic.aml -&gt; C:\dev\SDK\shfb-toc-1047\Help\Working\ddueXml\another_topic.xml
    Last step completed in 00:00:00.0460
</buildStep>
<buildStep step="CreateConceptualTopicConfigs">
Creating conceptual topic configuration files...
    Companion files
    _ContentMetadata_.xml
    Merging topic IDs into reference topic manifest file
    Last step completed in 00:00:00.0250
</buildStep>
<buildStep step="CopyAdditionalContent">
Copying additional content files...
No additional content to copy
    Last step completed in 00:00:00.0030
</buildStep>
<buildStep step="MergeTablesOfContents">
Merging conceptual and additional tables of contents...
    Last step completed in 00:00:00.0050
</buildStep>
<buildStep step="GenerateIntermediateTableOfContents">
Generating intermediate table of contents file for API content...
Generating conceptual content intermediate TOC file...
    Last step completed in 00:00:00.0210
</buildStep>
<buildStep step="CreateBuildAssemblerConfigs">
Creating Sandcastle configuration files...
    Last step completed in 00:00:00.1400
</buildStep>
<buildStep step="CombiningIntermediateTocFiles">
Combining conceptual and API intermediate TOC files...
    Last step completed in 00:00:00.0120
</buildStep>
<buildStep step="MergeCustomConfigs">
Merging custom build component configurations
C:\dev\SDK\shfb-toc-1047\Help\Working\BuildAssembler.config
  Updating reference topic configurations.
    Added configuration for &#39;API Token Resolution&#39; before &#39;Show Missing Documentation Component&#39; (instance 1)
  Updating conceptual topic configurations.
    Skipping component &#39;API Token Resolution&#39;, not used in conceptual build
    Removing unused ExampleComponent.
<plugIn name="Additional Content Only" behavior="After" priority="1000">
</plugIn>    Last step completed in 00:00:00.0341
</buildStep>
<buildStep step="BuildTopics">
Building help topics...
<plugIn name="Website Table of Contents Generator" behavior="Before" priority="1000">
Loading TOC info and adding unique IDs to parent nodes
</plugIn>Loading configuration...
Processing topics...
Processed 2 topic(s)
CopyFromIndexComponent: &quot;metadata&quot; in-memory cache entries used: 1 of 15.
ResolveArtLinksComponent: Copying media files...
<plugIn name="Website Table of Contents Generator" behavior="After" priority="1000">
Generating TOC fragment files
</plugIn>    Last step completed in 00:00:00.2694
</buildStep>
<buildStep step="CopyStandardHelpContent">
Copying standard help content...
C:\Program Files (x86)\EWSoftware\Sandcastle Help File Builder\Components\Default2022\css\bulma.css -&gt; C:\dev\SDK\shfb-toc-1047\Help\Working\Output\Website\css\bulma.css
C:\Program Files (x86)\EWSoftware\Sandcastle Help File Builder\Components\Default2022\css\bulma.css.map -&gt; C:\dev\SDK\shfb-toc-1047\Help\Working\Output\Website\css\bulma.css.map
C:\Program Files (x86)\EWSoftware\Sandcastle Help File Builder\Components\Default2022\css\bulma.min.css -&gt; C:\dev\SDK\shfb-toc-1047\Help\Working\Output\Website\css\bulma.min.css
C:\Program Files (x86)\EWSoftware\Sandcastle Help File Builder\Components\Default2022\css\font-awesome.css -&gt; C:\dev\SDK\shfb-toc-1047\Help\Working\Output\Website\css\font-awesome.css
C:\Program Files (x86)\EWSoftware\Sandcastle Help File Builder\Components\Default2022\css\font-awesome.min.css -&gt; C:\dev\SDK\shfb-toc-1047\Help\Working\Output\Website\css\font-awesome.min.css
C:\Program Files (x86)\EWSoftware\Sandcastle Help File Builder\Components\Default2022\css\ja-JP.css -&gt; C:\dev\SDK\shfb-toc-1047\Help\Working\Output\Website\css\ja-JP.css
C:\Program Files (x86)\EWSoftware\Sandcastle Help File Builder\Components\Default2022\css\ko-KR.css -&gt; C:\dev\SDK\shfb-toc-1047\Help\Working\Output\Website\css\ko-KR.css
C:\Program Files (x86)\EWSoftware\Sandcastle Help File Builder\Components\Default2022\css\presentationStyle.css -&gt; C:\dev\SDK\shfb-toc-1047\Help\Working\Output\Website\css\presentationStyle.css
C:\Program Files (x86)\EWSoftware\Sandcastle Help File Builder\Components\Default2022\css\vs.min.css -&gt; C:\dev\SDK\shfb-toc-1047\Help\Working\Output\Website\css\vs.min.css
C:\Program Files (x86)\EWSoftware\Sandcastle Help File Builder\Components\Default2022\css\zh-CN.css -&gt; C:\dev\SDK\shfb-toc-1047\Help\Working\Output\Website\css\zh-CN.css
C:\Program Files (x86)\EWSoftware\Sandcastle Help File Builder\Components\Default2022\css\zh-TW.css -&gt; C:\dev\SDK\shfb-toc-1047\Help\Working\Output\Website\css\zh-TW.css
C:\Program Files (x86)\EWSoftware\Sandcastle Help File Builder\Components\Default2022\icons\favicon.ico -&gt; C:\dev\SDK\shfb-toc-1047\Help\Working\Output\Website\icons\favicon.ico
C:\Program Files (x86)\EWSoftware\Sandcastle Help File Builder\Components\Default2022\scripts\clipboard.min.js -&gt; C:\dev\SDK\shfb-toc-1047\Help\Working\Output\Website\scripts\clipboard.min.js
C:\Program Files (x86)\EWSoftware\Sandcastle Help File Builder\Components\Default2022\scripts\highlight.min.js -&gt; C:\dev\SDK\shfb-toc-1047\Help\Working\Output\Website\scripts\highlight.min.js
C:\Program Files (x86)\EWSoftware\Sandcastle Help File Builder\Components\Default2022\scripts\jquery-3.5.1.min.js -&gt; C:\dev\SDK\shfb-toc-1047\Help\Working\Output\Website\scripts\jquery-3.5.1.min.js
C:\Program Files (x86)\EWSoftware\Sandcastle Help File Builder\Components\Default2022\scripts\presentationStyle.js -&gt; C:\dev\SDK\shfb-toc-1047\Help\Working\Output\Website\scripts\presentationStyle.js
C:\Program Files (x86)\EWSoftware\Sandcastle Help File Builder\Components\Default2022\webfonts\fa-brands-400.ttf -&gt; C:\dev\SDK\shfb-toc-1047\Help\Working\Output\Website\webfonts\fa-brands-400.ttf
C:\Program Files (x86)\EWSoftware\Sandcastle Help File Builder\Components\Default2022\webfonts\fa-brands-400.woff2 -&gt; C:\dev\SDK\shfb-toc-1047\Help\Working\Output\Website\webfonts\fa-brands-400.woff2
C:\Program Files (x86)\EWSoftware\Sandcastle Help File Builder\Components\Default2022\webfonts\fa-regular-400.ttf -&gt; C:\dev\SDK\shfb-toc-1047\Help\Working\Output\Website\webfonts\fa-regular-400.ttf
C:\Program Files (x86)\EWSoftware\Sandcastle Help File Builder\Components\Default2022\webfonts\fa-regular-400.woff2 -&gt; C:\dev\SDK\shfb-toc-1047\Help\Working\Output\Website\webfonts\fa-regular-400.woff2
C:\Program Files (x86)\EWSoftware\Sandcastle Help File Builder\Components\Default2022\webfonts\fa-solid-900.ttf -&gt; C:\dev\SDK\shfb-toc-1047\Help\Working\Output\Website\webfonts\fa-solid-900.ttf
C:\Program Files (x86)\EWSoftware\Sandcastle Help File Builder\Components\Default2022\webfonts\fa-solid-900.woff2 -&gt; C:\dev\SDK\shfb-toc-1047\Help\Working\Output\Website\webfonts\fa-solid-900.woff2
C:\Program Files (x86)\EWSoftware\Sandcastle Help File Builder\Components\Default2022\webfonts\fa-v4compatibility.ttf -&gt; C:\dev\SDK\shfb-toc-1047\Help\Working\Output\Website\webfonts\fa-v4compatibility.ttf
C:\Program Files (x86)\EWSoftware\Sandcastle Help File Builder\Components\Default2022\webfonts\fa-v4compatibility.woff2 -&gt; C:\dev\SDK\shfb-toc-1047\Help\Working\Output\Website\webfonts\fa-v4compatibility.woff2
C:\Program Files (x86)\EWSoftware\Sandcastle Help File Builder\Components\Default2022\RootWebsiteContent\GeneralError.html -&gt; C:\dev\SDK\shfb-toc-1047\Help\Working\Output\Website\GeneralError.html
C:\Program Files (x86)\EWSoftware\Sandcastle Help File Builder\Components\Default2022\RootWebsiteContent\index.html -&gt; C:\dev\SDK\shfb-toc-1047\Help\Working\Output\Website\index.html
C:\Program Files (x86)\EWSoftware\Sandcastle Help File Builder\Components\Default2022\RootWebsiteContent\PageNotFound.html -&gt; C:\dev\SDK\shfb-toc-1047\Help\Working\Output\Website\PageNotFound.html
C:\Program Files (x86)\EWSoftware\Sandcastle Help File Builder\Components\Default2022\RootWebsiteContent\search.html -&gt; C:\dev\SDK\shfb-toc-1047\Help\Working\Output\Website\search.html
C:\Program Files (x86)\EWSoftware\Sandcastle Help File Builder\Components\Default2022\RootWebsiteContent\SearchHelp.aspx -&gt; C:\dev\SDK\shfb-toc-1047\Help\Working\Output\Website\SearchHelp.aspx
C:\Program Files (x86)\EWSoftware\Sandcastle Help File Builder\Components\Default2022\RootWebsiteContent\SearchHelp.inc.php -&gt; C:\dev\SDK\shfb-toc-1047\Help\Working\Output\Website\SearchHelp.inc.php
C:\Program Files (x86)\EWSoftware\Sandcastle Help File Builder\Components\Default2022\RootWebsiteContent\SearchHelp.php -&gt; C:\dev\SDK\shfb-toc-1047\Help\Working\Output\Website\SearchHelp.php
C:\Program Files (x86)\EWSoftware\Sandcastle Help File Builder\Components\Default2022\RootWebsiteContent\Web.Config -&gt; C:\dev\SDK\shfb-toc-1047\Help\Working\Output\Website\Web.Config
    Last step completed in 00:00:00.2670
</buildStep>
<buildStep step="GenerateFullTextIndex">
Generating full-text index for the website...

    Last step completed in 00:00:00.0817
</buildStep>
<buildStep step="CopyingWebsiteFiles">
Copying website files to output folder...

Copied 53 files for the website content
    Last step completed in 00:00:00.2916
</buildStep>
<buildStep step="CleanIntermediates">
Removing intermediate files...
    Last step completed in 00:00:00.0510
</buildStep>
<buildStep step="Completed">

Build completed successfully at 2/27/2024 2:53:47 PM.  Total time: 00:00:02.2198

</buildStep>
</shfbBuild>
